<?xml version="1.0" encoding="UTF-8"?>
<!-- Generated by org.testng.reporters.JUnitReportReporter -->
<testsuite hostname="DESKTOP-DV4AI68" failures="0" tests="3" name="Second_Code.Login_Page" time="0.148" errors="0" timestamp="2024-01-09T19:12:13 GMT-05:00" skipped="0">
  <testcase classname="Second_Code.Login_Page" name="L" time="0.009"/>
  <system-out/>
  <testcase classname="Second_Code.Login_Page" name="K" time="0.135"/>
  <system-out/>
  <testcase classname="Second_Code.Login_Page" name="T" time="0.004"/>
  <system-out/>
</testsuite> <!-- Second_Code.Login_Page -->
