<?xml version="1.0" encoding="UTF-8"?>
<!-- Generated by org.testng.reporters.JUnitReportReporter -->
<testsuite hostname="DESKTOP-DV4AI68" failures="0" tests="3" name="Third_Code.Fb_Test" time="0.015" errors="0" timestamp="2024-01-09T19:17:24 GMT-05:00" skipped="0">
  <testcase classname="Third_Code.Fb_Test" name="Fb_Home" time="0.006"/>
  <testcase classname="Third_Code.Fb_Test" name="Fb_Rg" time="0.004"/>
  <testcase classname="Third_Code.Fb_Test" name="Fb_Login" time="0.005"/>
</testsuite> <!-- Third_Code.Fb_Test -->
